<?xml version="1.0" encoding="UTF-8"?>
<testng-results ignored="0" total="1" passed="1" failed="0" skipped="0">
  <reporter-output>
  </reporter-output>
  <suite started-at="2025-04-28T11:36:59 IST" name="Default suite" finished-at="2025-04-28T11:38:30 IST" duration-ms="91085">
    <groups>
    </groups>
    <test started-at="2025-04-28T11:36:59 IST" name="Default test" finished-at="2025-04-28T11:38:30 IST" duration-ms="91085">
      <class name="women.Women_Product">
        <test-method is-config="true" signature="bsConfig()[pri:0, instance:women.Women_Product@4d5d943d]" started-at="2025-04-28T11:36:59 IST" name="bsConfig" finished-at="2025-04-28T11:36:59 IST" duration-ms="11" status="PASS">
          <reporter-output>
          </reporter-output>
        </test-method> <!-- bsConfig -->
        <test-method is-config="true" signature="bcConfig()[pri:0, instance:women.Women_Product@4d5d943d]" started-at="2025-04-28T11:36:59 IST" name="bcConfig" finished-at="2025-04-28T11:37:21 IST" duration-ms="21614" status="PASS">
          <reporter-output>
          </reporter-output>
        </test-method> <!-- bcConfig -->
        <test-method is-config="true" signature="bmConfig()[pri:0, instance:women.Women_Product@4d5d943d]" started-at="2025-04-28T11:37:21 IST" name="bmConfig" finished-at="2025-04-28T11:37:26 IST" duration-ms="4584" status="PASS">
          <reporter-output>
          </reporter-output>
        </test-method> <!-- bmConfig -->
        <test-method signature="product()[pri:0, instance:women.Women_Product@4d5d943d]" started-at="2025-04-28T11:37:26 IST" name="product" finished-at="2025-04-28T11:38:26 IST" duration-ms="60078" status="PASS">
          <reporter-output>
          </reporter-output>
        </test-method> <!-- product -->
        <test-method is-config="true" signature="amConfig()[pri:0, instance:women.Women_Product@4d5d943d]" started-at="2025-04-28T11:38:26 IST" name="amConfig" finished-at="2025-04-28T11:38:30 IST" duration-ms="4386" status="PASS">
          <reporter-output>
          </reporter-output>
        </test-method> <!-- amConfig -->
        <test-method is-config="true" signature="acConfig()[pri:0, instance:women.Women_Product@4d5d943d]" started-at="2025-04-28T11:38:30 IST" name="acConfig" finished-at="2025-04-28T11:38:30 IST" duration-ms="378" status="PASS">
          <reporter-output>
          </reporter-output>
        </test-method> <!-- acConfig -->
        <test-method is-config="true" signature="asConfig()[pri:0, instance:women.Women_Product@4d5d943d]" started-at="2025-04-28T11:38:30 IST" name="asConfig" finished-at="2025-04-28T11:38:30 IST" duration-ms="1" status="PASS">
          <reporter-output>
          </reporter-output>
        </test-method> <!-- asConfig -->
      </class> <!-- women.Women_Product -->
    </test> <!-- Default test -->
  </suite> <!-- Default suite -->
</testng-results>
