<?xml version="1.0" encoding="UTF-8"?>
<testng-results ignored="0" total="1" passed="1" failed="0" skipped="0">
  <reporter-output>
  </reporter-output>
  <suite started-at="2024-09-17T12:03:01 IST" name="Default suite" finished-at="2024-09-17T12:04:00 IST" duration-ms="58554">
    <groups>
    </groups>
    <test started-at="2024-09-17T12:03:01 IST" name="Default test" finished-at="2024-09-17T12:04:00 IST" duration-ms="58554">
      <class name="women.Women_Product">
        <test-method is-config="true" signature="bsConfig()[pri:0, instance:women.Women_Product@692f203f]" started-at="2024-09-17T12:03:01 IST" name="bsConfig" finished-at="2024-09-17T12:03:01 IST" duration-ms="12" status="PASS">
          <reporter-output>
          </reporter-output>
        </test-method> <!-- bsConfig -->
        <test-method is-config="true" signature="bcConfig()[pri:0, instance:women.Women_Product@692f203f]" started-at="2024-09-17T12:03:01 IST" name="bcConfig" finished-at="2024-09-17T12:03:10 IST" duration-ms="8840" status="PASS">
          <reporter-output>
          </reporter-output>
        </test-method> <!-- bcConfig -->
        <test-method is-config="true" signature="bmConfig()[pri:0, instance:women.Women_Product@692f203f]" started-at="2024-09-17T12:03:10 IST" name="bmConfig" finished-at="2024-09-17T12:03:23 IST" duration-ms="12530" status="PASS">
          <reporter-output>
          </reporter-output>
        </test-method> <!-- bmConfig -->
        <test-method signature="product()[pri:0, instance:women.Women_Product@692f203f]" started-at="2024-09-17T12:03:23 IST" name="product" finished-at="2024-09-17T12:03:52 IST" duration-ms="29223" status="PASS">
          <reporter-output>
          </reporter-output>
        </test-method> <!-- product -->
        <test-method is-config="true" signature="amConfig()[pri:0, instance:women.Women_Product@692f203f]" started-at="2024-09-17T12:03:52 IST" name="amConfig" finished-at="2024-09-17T12:03:59 IST" duration-ms="7617" status="PASS">
          <reporter-output>
          </reporter-output>
        </test-method> <!-- amConfig -->
        <test-method is-config="true" signature="acConfig()[pri:0, instance:women.Women_Product@692f203f]" started-at="2024-09-17T12:03:59 IST" name="acConfig" finished-at="2024-09-17T12:04:00 IST" duration-ms="287" status="PASS">
          <reporter-output>
          </reporter-output>
        </test-method> <!-- acConfig -->
        <test-method is-config="true" signature="asConfig()[pri:0, instance:women.Women_Product@692f203f]" started-at="2024-09-17T12:04:00 IST" name="asConfig" finished-at="2024-09-17T12:04:00 IST" duration-ms="4" status="PASS">
          <reporter-output>
          </reporter-output>
        </test-method> <!-- asConfig -->
      </class> <!-- women.Women_Product -->
    </test> <!-- Default test -->
  </suite> <!-- Default suite -->
</testng-results>
